[26-Mar-2024 22:38:19] NOTICE: fpm is running, pid 28509
[26-Mar-2024 22:38:19] NOTICE: ready to handle connections
[26-Apr-2024 04:23:02] NOTICE: Terminating ...
[26-Apr-2024 04:23:02] NOTICE: Terminating ...
[26-Apr-2024 04:23:02] NOTICE: exiting, bye-bye!
[30-Apr-2024 22:19:49] NOTICE: fpm is running, pid 27917
[30-Apr-2024 22:19:49] NOTICE: ready to handle connections
[16-May-2024 23:08:09] NOTICE: Terminating ...
[16-May-2024 23:08:09] NOTICE: Terminating ...
[16-May-2024 23:08:09] NOTICE: exiting, bye-bye!
[16-May-2024 23:09:04] NOTICE: fpm is running, pid 67194
[16-May-2024 23:09:04] NOTICE: ready to handle connections
[31-May-2024 08:24:47] NOTICE: Terminating ...
[31-May-2024 08:24:47] NOTICE: Terminating ...
[31-May-2024 08:24:47] NOTICE: exiting, bye-bye!
[31-May-2024 08:25:00] NOTICE: fpm is running, pid 97817
[31-May-2024 08:25:00] NOTICE: ready to handle connections
[03-Jun-2024 18:45:56] ERROR: Another FPM instance seems to already listen on /Users/adamalcantara/Library/Application Support/Local/run/eqvKGYCAz/php/php-fpm.socket
[03-Jun-2024 18:45:56] ERROR: FPM initialization failed
[03-Jun-2024 18:45:57] ERROR: Another FPM instance seems to already listen on /Users/adamalcantara/Library/Application Support/Local/run/eqvKGYCAz/php/php-fpm.socket
[03-Jun-2024 18:45:57] ERROR: FPM initialization failed
[03-Jun-2024 18:45:57] ERROR: Another FPM instance seems to already listen on /Users/adamalcantara/Library/Application Support/Local/run/eqvKGYCAz/php/php-fpm.socket
[03-Jun-2024 18:45:57] ERROR: FPM initialization failed
[03-Jun-2024 18:45:58] ERROR: Another FPM instance seems to already listen on /Users/adamalcantara/Library/Application Support/Local/run/eqvKGYCAz/php/php-fpm.socket
[03-Jun-2024 18:45:58] ERROR: FPM initialization failed
[03-Jun-2024 19:04:11] ERROR: Another FPM instance seems to already listen on /Users/adamalcantara/Library/Application Support/Local/run/eqvKGYCAz/php/php-fpm.socket
[03-Jun-2024 19:04:11] ERROR: FPM initialization failed
[03-Jun-2024 19:04:11] ERROR: Another FPM instance seems to already listen on /Users/adamalcantara/Library/Application Support/Local/run/eqvKGYCAz/php/php-fpm.socket
[03-Jun-2024 19:04:11] ERROR: FPM initialization failed
[03-Jun-2024 19:04:12] ERROR: Another FPM instance seems to already listen on /Users/adamalcantara/Library/Application Support/Local/run/eqvKGYCAz/php/php-fpm.socket
[03-Jun-2024 19:04:12] ERROR: FPM initialization failed
[03-Jun-2024 19:04:12] ERROR: Another FPM instance seems to already listen on /Users/adamalcantara/Library/Application Support/Local/run/eqvKGYCAz/php/php-fpm.socket
[03-Jun-2024 19:04:12] ERROR: FPM initialization failed
[03-Jun-2024 19:07:18] NOTICE: fpm is running, pid 1105
[03-Jun-2024 19:07:18] NOTICE: ready to handle connections
